SF:src/Corleone.jl
DA:1,16
DA:30,9350
DA:31,0
DA:32,0
DA:40,0
DA:42,0
DA:44,4
DA:45,0
DA:46,0
DA:47,0
DA:49,0
DA:51,4
DA:59,11
DA:66,1308
DA:67,324
DA:68,1308
DA:75,244
DA:82,108
DA:83,18
DA:84,34
DA:85,18
DA:87,36
DA:96,0
DA:97,40
DA:98,23
DA:100,46
DA:103,26
DA:110,0
DA:111,40
DA:112,23
DA:114,46
DA:117,26
DA:124,0
DA:132,0
LH:22
LF:34
end_of_record
SF:src/controls.jl
DA:29,1032
DA:35,516
DA:44,0
DA:52,84
DA:62,16
DA:69,0
DA:70,0
DA:78,64
DA:85,378
DA:86,118
DA:95,378
DA:96,118
DA:105,383
DA:113,2
DA:120,4
DA:127,4
DA:128,4
DA:129,4
DA:143,82
DA:154,54
DA:155,18
DA:158,2
DA:165,473
DA:172,692
DA:179,878
DA:190,4120
DA:192,418
DA:193,268
DA:196,250
DA:197,2626
DA:199,72
DA:200,72
DA:201,1226
DA:202,328
DA:204,1226
DA:205,2
DA:206,2
DA:207,2
DA:209,1226
DA:212,150
DA:220,377
DA:221,377
DA:222,377
DA:223,5262
DA:232,336
DA:246,1401055
DA:249,11069193
DA:250,11169993
DA:251,11211993
DA:252,1396470
DA:253,3813
DA:254,1401267
DA:255,2
DA:257,1409455
DA:258,1409455
DA:266,0
DA:267,0
DA:268,0
DA:277,148
DA:281,2781308
DA:282,2781308
DA:283,2781170
DA:285,138
DA:289,148
DA:290,40
DA:291,42
DA:292,42
DA:294,84
DA:295,84
DA:300,32
DA:301,32
DA:303,2763820
DA:304,2797420
DA:307,2780620
DA:308,2780620
DA:309,2780620
DA:312,256
DA:314,116
DA:316,16800
DA:318,48
DA:347,115
DA:360,89
DA:361,89
DA:362,95
DA:370,74
DA:371,37
DA:379,74
DA:380,37
DA:381,163
DA:382,37
DA:383,37
DA:391,2398
DA:392,2398
DA:400,1381861
DA:401,1398661
DA:402,1398661
DA:403,1399620
DA:411,39566
DA:412,39706
DA:420,41737
DA:421,75
DA:422,75
DA:423,75
DA:424,75
DA:425,3762
DA:429,7449
DA:430,75
DA:431,75
DA:439,2171
DA:440,2311
DA:441,2311
DA:444,39706
DA:451,1381861
DA:452,1398661
DA:460,1384259
DA:461,66
DA:462,66
DA:463,66
DA:464,66
DA:465,371
DA:466,371
DA:467,66
DA:471,66
DA:472,0
DA:474,66
DA:476,66
DA:477,66
DA:478,66
DA:481,0
DA:483,156
DA:484,78
DA:485,80
DA:487,440
DA:490,78
DA:491,78
LH:127
LF:135
end_of_record
SF:src/dynprob.jl
DA:16,13
DA:32,16
DA:33,0
DA:34,0
DA:35,0
DA:38,41
DA:40,22
DA:41,22
DA:42,22
DA:43,16
DA:46,22
DA:47,91
DA:48,50
DA:49,22
DA:52,16
DA:53,0
DA:54,0
DA:55,0
DA:58,9
DA:60,22
DA:61,22
DA:62,22
DA:63,16
DA:69,24
DA:72,13
DA:73,13
DA:74,13
DA:76,16
DA:77,13
DA:78,0
DA:83,13
DA:84,13
DA:85,13
DA:86,13
DA:87,13
DA:88,13
DA:89,13
DA:92,13
DA:93,13
DA:94,13
DA:95,13
DA:96,0
DA:98,13
DA:100,13
DA:101,13
DA:102,13
DA:105,0
DA:106,0
DA:107,0
DA:108,0
DA:109,0
DA:110,0
DA:111,0
DA:112,0
DA:113,0
DA:115,0
DA:121,26
DA:122,13
DA:123,13
DA:124,13
DA:125,13
DA:126,13
DA:127,13
DA:131,13
DA:132,26
DA:133,13
DA:134,19
DA:135,13
DA:136,13
DA:139,13
DA:140,13
DA:141,117
DA:143,26
DA:144,13
DA:145,20
DA:146,13
DA:147,13
DA:149,20
DA:150,13
DA:151,0
DA:153,13
DA:156,13
DA:157,13
DA:158,13
DA:159,13
DA:165,6829
DA:166,6969
DA:167,7036
DA:168,6966
DA:171,4671
DA:172,4671
DA:173,4671
DA:174,4671
DA:175,4671
DA:180,11
DA:184,6956
DA:185,4668
DA:187,0
DA:189,0
DA:198,33
DA:207,11
DA:208,11
DA:209,11
DA:210,11
DA:211,11
DA:219,22
DA:227,11
DA:228,11
LH:87
LF:108
end_of_record
SF:src/initializers.jl
DA:18,111
DA:35,4
DA:42,4
DA:49,19
DA:56,19
DA:63,172
DA:70,89
DA:71,178
DA:72,89
DA:73,89
DA:74,89
DA:77,9396
DA:79,9349
DA:81,66
DA:83,0
DA:90,222
DA:91,111
DA:92,111
DA:93,111
DA:94,111
DA:102,62
DA:103,62
DA:104,62
DA:105,62
DA:106,62
DA:114,11
DA:121,64
DA:122,64
DA:123,64
DA:124,64
DA:125,152
DA:126,64
DA:127,37
DA:128,55
DA:129,64
DA:137,39564
DA:138,39704
DA:139,39774
DA:140,79408
DA:141,39774
DA:149,156
DA:158,78
DA:159,78
LH:42
LF:43
end_of_record
SF:src/multiple_shooting.jl
DA:7,17
DA:13,16
DA:14,8
DA:15,16
DA:16,8
DA:17,26
DA:23,34
DA:24,8
DA:25,8
DA:27,8
DA:30,9349
DA:31,9347
DA:32,4
DA:33,4
DA:34,4
DA:35,4
DA:37,4
DA:39,18
DA:40,9
DA:41,9
DA:44,9346
DA:45,9346
DA:46,9345
DA:49,9
DA:51,9
DA:54,9345
DA:55,9345
DA:56,9345
DA:57,9345
DA:58,28033
DA:59,28033
DA:60,56062
DA:62,28033
DA:69,28033
DA:73,18690
DA:78,9345
DA:79,9345
DA:80,9345
DA:81,9345
DA:83,9345
DA:84,9345
DA:86,9345
DA:87,9345
DA:88,9345
DA:89,9345
DA:90,896952
DA:91,28033
DA:92,0
DA:94,9345
DA:95,9345
DA:96,37378
DA:98,9345
DA:99,65411
DA:101,9345
DA:102,9345
LH:54
LF:55
end_of_record
SF:src/parallel_shooting.jl
DA:16,25
DA:23,28
DA:29,12
DA:30,24
DA:31,6
DA:34,2
DA:35,2
DA:38,9350
DA:39,9350
DA:42,9350
DA:49,28
DA:50,28
DA:51,28
DA:52,106
DA:58,106
DA:59,28
DA:65,28
DA:70,28
DA:71,28
DA:74,22
DA:75,11
DA:76,38
DA:77,38
DA:79,11
DA:80,11
DA:83,0
DA:84,0
DA:85,0
DA:86,0
LH:25
LF:29
end_of_record
SF:src/single_shooting.jl
DA:10,113
DA:20,156
DA:21,78
DA:22,78
DA:23,78
DA:24,78
DA:25,78
DA:38,4
DA:39,2
DA:47,4
DA:48,2
DA:49,2
DA:57,62
DA:59,31
DA:60,1400987
DA:62,31
DA:63,31
DA:64,31
DA:73,6
DA:80,2
DA:81,2
DA:82,2
DA:83,2
DA:84,2
DA:92,64
DA:93,64
DA:94,190
DA:95,126
DA:96,2
DA:98,64
DA:99,64
DA:101,0
DA:112,44
DA:113,44
DA:118,9396
DA:119,19
DA:120,9349
DA:121,88
DA:123,28
DA:124,28
DA:125,28
DA:126,28
DA:127,28
DA:130,89
DA:131,89
DA:132,95
DA:133,89
DA:134,11231
DA:135,166
DA:136,89
DA:144,64
DA:145,64
DA:146,64
DA:147,64
DA:148,128
DA:150,64
DA:151,64
DA:152,0
DA:153,0
DA:155,64
DA:156,128
DA:157,64
DA:159,154
DA:161,64
DA:162,64
DA:175,39564
DA:176,39704
DA:177,48042
DA:178,39704
DA:179,39773
DA:180,39701
DA:188,41734
DA:189,67
DA:190,67
DA:191,67
DA:192,3302
DA:201,3302
DA:202,3302
DA:203,3302
DA:204,67
DA:205,67
DA:206,67
DA:214,41734
DA:215,42014
DA:216,42012
DA:217,9309
DA:232,39561
DA:233,39701
DA:234,39771
DA:235,39771
DA:236,1431644
DA:237,39701
DA:238,39701
DA:241,158244
DA:242,158804
DA:243,79472
LH:93
LF:96
end_of_record
SF:src/trajectory.jl
DA:10,49116
DA:32,444
DA:53,0
DA:60,0
DA:67,0
DA:75,11656
DA:82,23455
DA:89,11652
DA:96,28
DA:103,32
DA:112,86
DA:121,11544
DA:122,11684
DA:131,43
DA:132,43
DA:142,0
DA:143,0
DA:144,0
DA:156,26
DA:159,26
DA:160,54
DA:161,28
DA:162,2426
DA:164,0
DA:174,0
DA:181,0
DA:188,0
DA:195,0
DA:204,11497
DA:205,11637
DA:206,0
DA:208,11707
DA:216,156404
DA:217,156964
DA:220,4671
DA:221,4671
DA:222,4671
DA:223,4671
DA:224,4671
DA:225,28026
DA:226,28026
DA:227,28026
DA:228,4671
DA:231,0
DA:232,0
DA:233,0
DA:234,0
LH:31
LF:47
end_of_record
